            --------------------------------------------------------
                             AMBER SQM VERSION 19
 
                                     By
              Ross C. Walker, Michael F. Crowley, Scott Brozell,
                         Tim Giese, Andreas W. Goetz,
                        Tai-Sung Lee and David A. Case
 
            --------------------------------------------------------
 

--------------------------------------------------------------------------------
  QM CALCULATION INFO
--------------------------------------------------------------------------------

| QMMM: Citation for AMBER QMMM Run:
| QMMM: R.C. Walker, M.F. Crowley and D.A. Case, J. COMP. CHEM. 29:1019, 2008

QMMM: SINGLET STATE CALCULATION
QMMM: RHF CALCULATION, NO. OF DOUBLY OCCUPIED LEVELS = 13

| QMMM: *** Selected Hamiltonian *** 
| QMMM: AM1         

| QMMM: *** Parameter sets in use ***
| QMMM: Br: M.J.S.DEWAR et al. THEOCHEM, 180, 1, (1988)
| QMMM: C : M.J.S.DEWAR et al. JACS, 107, 3902, (1985)
| QMMM: H : M.J.S.DEWAR et al. JACS, 107, 3902, (1985)

| QMMM: *** SCF convergence criteria ***
| QMMM: Energy change                :  0.1D-09 kcal/mol
| QMMM: Error matrix |FP-PF|         :  0.1D+00 au
| QMMM: Density matrix change        :  0.5D-06
| QMMM: Maximum number of SCF cycles :     1000

| QMMM: *** Diagonalization Routine Information ***
| QMMM: Pseudo diagonalizations are allowed.
| QMMM: Auto diagonalization routine selection is in use.
| QMMM:
| QMMM: Timing diagonalization routines:
| QMMM:                              norbs =       20
| QMMM:    diag iterations used for timing =       20
| QMMM:
| QMMM:              Internal diag routine = 0.000457 seconds
| QMMM:                 Dspev diag routine = 0.000517 seconds
| QMMM:                Dspevd diag routine = 0.000492 seconds
| QMMM:                Dspevx diag routine = 0.001903 seconds
| QMMM:                 Dsyev diag routine = 0.000471 seconds
| QMMM:                Dsyevd diag routine = 0.000479 seconds
| QMMM:                Dsyevr diag routine = 0.000636 seconds
| QMMM:
| QMMM:                Pseudo diag routine = 0.000042 seconds
| QMMM:
| QMMM: Using internal diagonalization routine (diag_routine=1).

  QMMM: QM Region Cartesian Coordinates (*=link atom) 
  QMMM: QM_NO.   MM_NO.  ATOM         X         Y         Z
  QMMM:     1        1      Br       2.3090   -0.1220   -0.0100
  QMMM:     2        2      Br      -2.3090    0.1220   -0.0100
  QMMM:     3        3      C        0.4900    0.5740   -0.0100
  QMMM:     4        4      C       -0.4900   -0.5740   -0.0100
  QMMM:     5        5      H        0.3960    1.2020   -0.9010
  QMMM:     6        6      H        0.3960    1.2020    0.8810
  QMMM:     7        7      H       -0.3960   -1.2020    0.8810
  QMMM:     8        8      H       -0.3960   -1.2020   -0.9010

--------------------------------------------------------------------------------
  RESULTS
--------------------------------------------------------------------------------

      iter         sqm energy              rms gradient
      ----    -------------------    -----------------------
xmin    10       -7.9882 kcal/mol        0.0014 kcal/(mol*A)
  ... geometry converged !
 
 Final MO eigenvalues (eV):
 -35.5373  -31.9761  -29.3392  -23.7599  -16.7498  -15.5505  -15.1422  -13.5915
 -12.5105  -11.3324  -11.0502  -11.0491  -11.0131    0.0009    0.9326    2.9965
   3.1544    3.5896    3.8317    4.0545

 Heat of formation   =         -7.98824152 kcal/mol  (       -0.34639615 eV)

 Total SCF energy    =     -23484.61025207 kcal/mol  (    -1018.36911895 eV)
 Electronic energy   =     -57475.19498050 kcal/mol  (    -2492.31147741 eV)
 Core-core repulsion =      33990.58472843 kcal/mol  (     1473.94235846 eV)
 
    Atomic Charges for Step       1 :
  Atom    Element       Mulliken Charge
     1      Br                -0.034
     2      Br                -0.034
     3      C                 -0.221
     4      C                 -0.221
     5      H                  0.127
     6      H                  0.127
     7      H                  0.127
     8      H                  0.127
 Total Mulliken Charge =      -0.000
 
                  X        Y        Z     TOTAL  
  QM DIPOLE    -0.000   -0.000    0.000    0.000
 
 Final Structure

  QMMM: QM Region Cartesian Coordinates (*=link atom) 
  QMMM: QM_NO.   MM_NO.  ATOM         X         Y         Z
  QMMM:     1        1      Br       2.3135   -0.1063   -0.0103
  QMMM:     2        2      Br      -2.3135    0.1063   -0.0097
  QMMM:     3        3      C        0.5029    0.5567   -0.0100
  QMMM:     4        4      C       -0.5029   -0.5567   -0.0100
  QMMM:     5        5      H        0.4027    1.1960   -0.9192
  QMMM:     6        6      H        0.4030    1.1959    0.8993
  QMMM:     7        7      H       -0.4027   -1.1960    0.8992
  QMMM:     8        8      H       -0.4029   -1.1959   -0.9193

           --------- Calculation Completed ----------

